<?xml version="1.0" encoding="UTF-8"?>
<!-- Generated by org.testng.reporters.JUnitReportReporter -->
<testsuite skipped="0" hostname="ATMECSINLT-407" name="com.atmecs.executioncmd.testscripts.Login" tests="1" failures="0" timestamp="2020-10-12T19:27:08 IST" time="11.985" errors="0">
  <testcase name="login" time="11.985" classname="com.atmecs.executioncmd.testscripts.Login"/>
</testsuite> <!-- com.atmecs.executioncmd.testscripts.Login -->
