<?xml version="1.0" encoding="UTF-8"?>
<!-- Generated by org.testng.reporters.JUnitReportReporter -->
<testsuite skipped="0" hostname="ATMECSINLT-407" name="com.atmecs.executioncmd.testscripts.Registration" tests="1" failures="0" timestamp="2020-10-12T19:29:35 IST" time="9.233" errors="0">
  <testcase name="register" time="9.233" classname="com.atmecs.executioncmd.testscripts.Registration"/>
  <system-out/>
</testsuite> <!-- com.atmecs.executioncmd.testscripts.Registration -->
