<?xml version="1.0" encoding="UTF-8"?>
<!-- Generated by org.testng.reporters.JUnitReportReporter -->
<testsuite skipped="0" hostname="ATMECSINLT-407" name="com.atmecs.executioncmd.testscripts.ContactUs" tests="1" failures="0" timestamp="2020-10-12T19:29:35 IST" time="8.143" errors="0">
  <testcase name="contactus" time="8.143" classname="com.atmecs.executioncmd.testscripts.ContactUs"/>
  <system-out/>
</testsuite> <!-- com.atmecs.executioncmd.testscripts.ContactUs -->
