<?xml version="1.0" encoding="UTF-8"?>
<!-- Generated by org.testng.reporters.JUnitReportReporter -->
<testsuite skipped="0" hostname="ATMECSINLT-407" name="com.atmecs.executioncmd.testscripts.AddToCart" tests="1" failures="0" timestamp="2020-10-12T19:29:35 IST" time="19.059" errors="0">
  <testcase name="addtoCart" time="19.059" classname="com.atmecs.executioncmd.testscripts.AddToCart"/>
  <system-out/>
</testsuite> <!-- com.atmecs.executioncmd.testscripts.AddToCart -->
