<?xml version="1.0" encoding="UTF-8"?>
<!-- Generated by org.testng.reporters.JUnitReportReporter -->
<testsuite skipped="0" hostname="ATMECSINLT-407" name="com.atmecs.executioncmd.testscripts.Login" tests="1" failures="0" timestamp="2020-10-12T19:29:35 IST" time="7.505" errors="0">
  <testcase name="login" time="7.505" classname="com.atmecs.executioncmd.testscripts.Login"/>
  <system-out/>
</testsuite> <!-- com.atmecs.executioncmd.testscripts.Login -->
